2026-02-17 21:06:06,107 - DEBUG - divide_numbers called with a=10, b=2
2026-02-17 21:06:06,108 - INFO - successfully divided 10 by 2 = 5.0
2026-02-17 21:06:06,108 - DEBUG - divide_numbers called with a=10, b=0
2026-02-17 21:06:06,108 - WARNING - attempted division by zero
2026-02-17 21:06:06,108 - DEBUG - divide_numbers called with a=10, b=2
2026-02-17 21:06:06,109 - ERROR - invalid input types: a=<class 'str'>, b=(<class 'type'>, 2)
2026-02-17 21:06:52,573 - DEBUG - divide_numbers called with a=10, b=2
2026-02-17 21:06:52,574 - INFO - successfully divided 10 by 2 = 5.0
2026-02-17 21:06:52,574 - DEBUG - divide_numbers called with a=10, b=0
2026-02-17 21:06:52,574 - WARNING - attempted division by zero
2026-02-17 21:06:52,575 - DEBUG - divide_numbers called with a=10, b=2
2026-02-17 21:06:52,575 - ERROR - invalid input types: a=<class 'str'>, b=(<class 'type'>, 2)
2026-02-17 21:32:27,719 - INFO - starting email proccessing: tier=VIP, type=complaint
2026-02-17 21:32:27,719 - ERROR - invalid customer tier: 'VIP' (expected ['vip', 'standard'])
2026-02-17 21:32:27,719 - INFO - starting email proccessing: tier=VIIP, type=complaint
2026-02-17 21:32:27,719 - ERROR - invalid customer tier: 'VIIP' (expected ['vip', 'standard'])
2026-02-17 21:32:27,719 - INFO - starting email proccessing: tier=standard, type=reservation
2026-02-17 21:32:27,720 - DEBUG - Converted string tokens to int: 180
2026-02-17 21:32:27,720 - INFO - Email processed successfully: standard reservation, cost=$0.0005
2026-02-17 21:36:13,715 - INFO - starting email proccessing: tier=vip, type=complaint
2026-02-17 21:36:13,716 - INFO - Email processed successfully: vip complaint, cost=$0.0008
2026-02-17 21:36:13,716 - INFO - starting email proccessing: tier=viip, type=complaint
2026-02-17 21:36:13,716 - ERROR - invalid customer tier: 'viip' (expected ['vip', 'standard'])
2026-02-17 21:36:13,716 - INFO - starting email proccessing: tier=standard, type=reservation
2026-02-17 21:36:13,716 - DEBUG - Converted string tokens to int: 180
2026-02-17 21:36:13,716 - INFO - Email processed successfully: standard reservation, cost=$0.0005
2026-02-17 21:38:20,709 - INFO - Email request: vip - complaint
2026-02-17 21:38:20,714 - INFO - Email request: invalid - test
2026-02-17 21:38:20,716 - INFO - Email request: standard - reservation
2026-02-17 21:40:07,847 - INFO - Email request: vip - complaint
2026-02-17 21:40:07,848 - INFO -  Email sent: complaint, cost=$0.0008
2026-02-17 21:40:07,848 - INFO - Email request: invalid - test
2026-02-17 21:40:07,848 - ERROR -  Validation failed: Invalid tier: invalid
2026-02-17 21:40:07,848 - INFO - Email request: standard - reservation
2026-02-17 21:40:07,848 - INFO -  Email sent: reservation, cost=$0.0005
2026-02-17 21:42:12,931 - DEBUG - divide_numbers called with a=10, b=2
2026-02-17 21:42:12,932 - INFO - successfully divided 10 by 2 = 5.0
2026-02-17 21:42:12,932 - DEBUG - divide_numbers called with a=10, b=0
2026-02-17 21:42:12,932 - WARNING - attempted division by zero
2026-02-17 21:42:12,932 - DEBUG - divide_numbers called with a=10, b=2
2026-02-17 21:42:12,932 - ERROR - invalid input types: a=<class 'str'>, b=(<class 'type'>, 2)
2026-02-17 21:43:00,850 - DEBUG - starting daily operations review
2026-02-17 21:43:00,850 - INFO - daily summary: 45 emails sent
2026-02-17 21:43:00,850 - WARNING - 3 emails failed - review needed
2026-02-17 21:43:00,851 - INFO - revenue target met: $125.5
2026-02-17 21:43:00,851 - DEBUG - daily operations review complete
